Invalid JSON received:

[2025-04-09 21:57:36] No input received.
Invalid JSON received:

Invalid JSON received:

Invalid JSON received:

Invalid JSON received:

Invalid JSON received:

2025-04-26 14:46:20 - Invalid JSON received:

2025-04-26 14:46:22 - Invalid JSON received:

2025-04-26 14:46:47 - Invalid JSON received:

2025-04-26 14:53:06 - Invalid JSON received:

2025-04-26 15:14:37 - Invalid JSON received:

2025-04-26 16:23:14 - Invalid JSON received:

2025-04-26 16:23:16 - Invalid JSON received:

2025-04-26 16:29:21 - DB ERROR: SQLSTATE[42S22]: Column not found: 1054 Unknown column 'merchant_request_id' in 'field list'
2025-04-26 16:56:48 - Invalid JSON received:

2025-04-26 16:59:27 - Invalid JSON received:

2025-04-26 17:19:43 - Invalid JSON received:

2025-04-26 17:23:25 - Invalid JSON received:

2025-04-26 17:34:25 - Invalid JSON received:

2025-04-26 17:50:21 - Invalid JSON received:

2025-04-29 11:11:11 - Invalid JSON received:

2025-04-29 11:20:52 - Invalid JSON received:

2025-04-29 11:20:53 - Invalid JSON received:

2025-04-29 11:20:54 - Invalid JSON received:

2025-04-29 11:22:43 - Invalid JSON received:

2025-04-29 11:30:13 - Invalid JSON received:

2025-04-29 11:38:48 - Invalid JSON received:

2025-04-29 11:52:15 - Invalid JSON received:

2025-04-29 13:11:19 - Invalid JSON received:

2025-04-29 14:48:58 - Invalid JSON received:

2025-04-29 14:58:58 - JSON Decode Error: Syntax error
Raw Data: 
